==================================================
::::::::::::::::::: IXA-NER-RE :::::::::::::::::::
==================================================
---------------------[ run1 ]---------------------
> scenario1 
     correct_A       = 321
     incorrect_A     = 32
     partial_A       = 115
     spurious_A      = 76
     missing_A       = 106
     correct_B       = 201
     spurious_B      = 254
     missing_B       = 305
     recall          ~ 0.5366
     precision       ~ 0.5801
     f1              ~ 0.5575
> scenario2 
     correct_A       = 312
     incorrect_A     = 28
     partial_A       = 110
     spurious_A      = 55
     missing_A       = 106
     correct_B       = 0
     spurious_B      = 0
     missing_B       = 487
     recall          ~ 0.6601
     precision       ~ 0.7267
     f1              ~ 0.6918
> scenario3 
     correct_A       = 581
     incorrect_A     = 0
     partial_A       = 0
     spurious_A      = 0
     missing_A       = 0
     correct_B       = 322
     spurious_B      = 175
     missing_B       = 198
     recall          ~ 0.6192
     precision       ~ 0.6479
     f1              ~ 0.6332
> scenario4 
     correct_A       = 592
     incorrect_A     = 88
     partial_A       = 231
     spurious_A      = 112
     missing_A       = 299
     correct_B       = 295
     spurious_B      = 462
     missing_B       = 902
     recall          ~ 0.4165
     precision       ~ 0.5632
     f1              ~ 0.4789
